<?xml version="1.0" encoding="UTF-8"?>
<testng-results skipped="0" failed="0" total="1" passed="1">
  <reporter-output>
  </reporter-output>
  <suite name="Default suite" duration-ms="23601" started-at="2022-03-05T09:44:09Z" finished-at="2022-03-05T09:44:32Z">
    <groups>
    </groups>
    <test name="Default test" duration-ms="23601" started-at="2022-03-05T09:44:09Z" finished-at="2022-03-05T09:44:32Z">
      <class name="com.selenium.Learning.WaitDemo">
        <test-method status="PASS" signature="ChromeBrowserDemo()[pri:0, instance:com.selenium.Learning.WaitDemo@2c8d66b2]" name="ChromeBrowserDemo" duration-ms="23573" started-at="2022-03-05T15:14:09Z" finished-at="2022-03-05T15:14:32Z">
          <reporter-output>
          </reporter-output>
        </test-method> <!-- ChromeBrowserDemo -->
      </class> <!-- com.selenium.Learning.WaitDemo -->
    </test> <!-- Default test -->
  </suite> <!-- Default suite -->
</testng-results>
