<?xml version="1.0" encoding="UTF-8"?>
<testng-results ignored="1" total="2" passed="1" failed="0" skipped="0">
  <reporter-output>
  </reporter-output>
  <suite started-at="2022-04-02T17:54:01 IST" name="Default suite" finished-at="2022-04-02T17:54:18 IST" duration-ms="17340">
    <groups>
    </groups>
    <test started-at="2022-04-02T17:54:01 IST" name="Default test" finished-at="2022-04-02T17:54:18 IST" duration-ms="17340">
      <class name="com.selenium.Learning.LoginDemo">
        <test-method signature="LoginMatri()[pri:0, instance:com.selenium.Learning.LoginDemo@27ff5d15]" started-at="2022-04-02T17:54:01 IST" name="LoginMatri" finished-at="2022-04-02T17:54:18 IST" duration-ms="17249" status="PASS">
          <reporter-output>
          </reporter-output>
        </test-method> <!-- LoginMatri -->
      </class> <!-- com.selenium.Learning.LoginDemo -->
    </test> <!-- Default test -->
  </suite> <!-- Default suite -->
</testng-results>
