<?xml version="1.0" encoding="UTF-8"?>
<!-- Generated by org.testng.reporters.JUnitXMLReporter -->
<testsuite ignored="1" hostname="DESKTOP-HR4HVE7" failures="0" tests="1" name="Default test" time="17.34" errors="0" timestamp="2022-04-02T17:54:18 IST">
  <testcase classname="com.selenium.Learning.LoginDemo" name="LoginMatri" time="17.249"/>
  <testcase classname="com.selenium.Learning.LoginDemo" name="ChromeBrowserDemo" time="0.0">
    <ignored/>
  </testcase> <!-- ChromeBrowserDemo -->
</testsuite> <!-- Default test -->
